<?xml version="1.0" encoding="UTF-8"?>
<!-- Generated by org.testng.reporters.JUnitReportReporter -->
<testsuite hostname="DESKTOP-UAC0RHQ" failures="0" tests="3" name="testngr.LoginTest" time="22.752" errors="0" timestamp="2024-01-25T22:15:10 IST" skipped="0">
  <testcase classname="testngr.LoginTest" name="openApp" time="17.659"/>
  <testcase classname="testngr.LoginTest" name="loginApp" time="3.754"/>
  <testcase classname="testngr.LoginTest" name="closeApp" time="1.339"/>
</testsuite> <!-- testngr.LoginTest -->
