<?xml version="1.0" encoding="UTF-8"?>
<!-- Generated by org.testng.reporters.JUnitReportReporter -->
<testsuite hostname="DESKTOP-UAC0RHQ" failures="0" tests="8" name="testngr.ParamTestDemo" time="2.336" errors="0" timestamp="2024-01-29T16:50:35 IST" skipped="0">
  <testcase classname="testngr.ParamTestDemo" name="testLogo" time="0.988"/>
  <testcase classname="testngr.ParamTestDemo" name="testLogo" time="1.142"/>
  <testcase classname="testngr.ParamTestDemo" name="homepageTitle" time="0.017"/>
  <testcase classname="testngr.ParamTestDemo" name="homepageTitle" time="0.032"/>
  <testcase classname="testngr.ParamTestDemo" name="homepageTitle" time="0.044"/>
  <testcase classname="testngr.ParamTestDemo" name="homepageTitle" time="0.052"/>
  <testcase classname="testngr.ParamTestDemo" name="homepageTitle" time="0.025"/>
  <testcase classname="testngr.ParamTestDemo" name="homepageTitle" time="0.036"/>
</testsuite> <!-- testngr.ParamTestDemo -->
