<?xml version="1.0" encoding="UTF-8"?>
<!-- Generated by org.testng.reporters.JUnitReportReporter -->
<testsuite hostname="DESKTOP-UAC0RHQ" failures="0" tests="2" name="pageobjectmodel.LoginTest" time="1.621" errors="0" timestamp="2024-01-31T12:24:05 IST" skipped="0">
  <testcase classname="pageobjectmodel.LoginTest" name="testLogo" time="1.072"/>
  <testcase classname="pageobjectmodel.LoginTest" name="testLogin" time="0.549"/>
</testsuite> <!-- pageobjectmodel.LoginTest -->
