<?xml version="1.0" encoding="UTF-8"?>
<!-- Generated by org.testng.reporters.JUnitReportReporter -->
<testsuite hostname="DESKTOP-UAC0RHQ" failures="0" tests="3" name="testngr.GroupingDemo" time="0.090" errors="0" timestamp="2024-02-09T20:26:32 IST" skipped="0">
  <testcase classname="testngr.GroupingDemo" name="signupbyfacebook" time="0.046"/>
  <testcase classname="testngr.GroupingDemo" name="signupbytwitter" time="0.017"/>
  <testcase classname="testngr.GroupingDemo" name="paymentReturnbyBank" time="0.027"/>
</testsuite> <!-- testngr.GroupingDemo -->
