<?xml version="1.0" encoding="UTF-8"?>
<!-- Generated by org.testng.reporters.JUnitReportReporter -->
<testsuite hostname="DESKTOP-UAC0RHQ" failures="0" tests="3" name="testngr.NocommeraceDemo" time="3.668" errors="0" timestamp="2024-01-30T13:31:59 IST" skipped="0">
  <testcase classname="testngr.NocommeraceDemo" name="TestLogo" time="0.122"/>
  <testcase classname="testngr.NocommeraceDemo" name="testLogin" time="2.460"/>
  <testcase classname="testngr.NocommeraceDemo" name="LogoutTest" time="1.086"/>
</testsuite> <!-- testngr.NocommeraceDemo -->
