<?xml version="1.0" encoding="UTF-8"?>
<!-- Generated by org.testng.reporters.JUnitReportReporter -->
<testsuite hostname="DESKTOP-UAC0RHQ" failures="0" tests="3" name="testngr.TestMaain" time="0.016" errors="0" timestamp="2024-01-25T22:15:10 IST" skipped="0">
  <testcase classname="testngr.TestMaain" name="test2" time="0.004"/>
  <testcase classname="testngr.TestMaain" name="test3" time="0.007"/>
  <testcase classname="testngr.TestMaain" name="test1" time="0.005"/>
</testsuite> <!-- testngr.TestMaain -->
