<?xml version="1.0" encoding="UTF-8"?>
<!-- Generated by org.testng.reporters.JUnitReportReporter -->
<testsuite hostname="DESKTOP-UAC0RHQ" failures="0" tests="10" name="testngr.InvocationCount" time="0.077" errors="0" timestamp="2024-01-27T13:35:46 IST" skipped="0">
  <testcase classname="testngr.InvocationCount" name="testDemo" time="0.004"/>
  <testcase classname="testngr.InvocationCount" name="testDemo" time="0.005"/>
  <testcase classname="testngr.InvocationCount" name="testDemo" time="0.003"/>
  <testcase classname="testngr.InvocationCount" name="testDemo" time="0.004"/>
  <testcase classname="testngr.InvocationCount" name="testDemo" time="0.009"/>
  <testcase classname="testngr.InvocationCount" name="testDemo" time="0.032"/>
  <testcase classname="testngr.InvocationCount" name="testDemo" time="0.004"/>
  <testcase classname="testngr.InvocationCount" name="testDemo" time="0.008"/>
  <testcase classname="testngr.InvocationCount" name="testDemo" time="0.003"/>
  <testcase classname="testngr.InvocationCount" name="testDemo" time="0.005"/>
</testsuite> <!-- testngr.InvocationCount -->
